<?xml version="1.0" encoding="UTF-8"?>
<!-- Generated by org.testng.reporters.JUnitXMLReporter -->
<testsuite ignored="0" hostname="Aaradhya" failures="0" tests="5" name="Default test" time="41.41" errors="0" timestamp="2025-11-01T13:07:54 IST">
  <testcase classname="TestCases.LoginTest" name="testLoginWithValidCredentials" time="1.926"/>
  <testcase classname="TestCases.LoginTest" name="testLoginWithInvalidUsername" time="0.849"/>
  <testcase classname="TestCases.LoginTest" name="testLoginWithInvalidPassword" time="0.849"/>
  <testcase classname="TestCases.LoginTest" name="testLoginWithBlankFields" time="0.135"/>
  <testcase classname="TestCases.LoginTest" name="testLogoutFunctionality" time="2.073"/>
</testsuite> <!-- Default test -->
