<?xml version="1.0" encoding="UTF-8"?>
<testng-results ignored="0" total="5" passed="5" failed="0" skipped="0">
  <reporter-output>
  </reporter-output>
  <suite started-at="2025-11-01T13:07:13 IST" name="Default suite" finished-at="2025-11-01T13:07:54 IST" duration-ms="41410">
    <groups>
    </groups>
    <test started-at="2025-11-01T13:07:13 IST" name="Default test" finished-at="2025-11-01T13:07:54 IST" duration-ms="41410">
      <class name="TestCases.LoginTest">
        <test-method is-config="true" signature="setupSuite()[pri:0, instance:TestCases.LoginTest@280d9edc]" started-at="2025-11-01T13:07:13 IST" name="setupSuite" finished-at="2025-11-01T13:07:13 IST" duration-ms="28" status="PASS">
          <reporter-output>
          </reporter-output>
        </test-method> <!-- setupSuite -->
        <test-method is-config="true" signature="setup()[pri:0, instance:TestCases.LoginTest@280d9edc]" started-at="2025-11-01T13:07:13 IST" name="setup" finished-at="2025-11-01T13:07:22 IST" duration-ms="8717" status="PASS">
          <reporter-output>
          </reporter-output>
        </test-method> <!-- setup -->
        <test-method signature="testLoginWithValidCredentials()[pri:1, instance:TestCases.LoginTest@280d9edc]" started-at="2025-11-01T13:07:22 IST" name="testLoginWithValidCredentials" description="Verify login with valid credentials" finished-at="2025-11-01T13:07:24 IST" duration-ms="1926" status="PASS">
          <reporter-output>
          </reporter-output>
        </test-method> <!-- testLoginWithValidCredentials -->
        <test-method is-config="true" signature="teardown()[pri:0, instance:TestCases.LoginTest@280d9edc]" started-at="2025-11-01T13:07:24 IST" name="teardown" finished-at="2025-11-01T13:07:24 IST" duration-ms="200" status="PASS">
          <reporter-output>
          </reporter-output>
        </test-method> <!-- teardown -->
        <test-method is-config="true" signature="captureScreenshotOnFailure(org.testng.ITestResult)[pri:0, instance:TestCases.LoginTest@280d9edc]" started-at="2025-11-01T13:07:24 IST" name="captureScreenshotOnFailure" finished-at="2025-11-01T13:07:24 IST" duration-ms="4" status="PASS">
          <params>
            <param index="0">
              <value>
                <![CDATA[[TestResult name=testLoginWithValidCredentials status=SUCCESS method=LoginTest.testLoginWithValidCredentials()[pri:1, instance:TestCases.LoginTest@280d9edc] output={null}]]]>
              </value>
            </param>
          </params>
          <reporter-output>
          </reporter-output>
        </test-method> <!-- captureScreenshotOnFailure -->
        <test-method is-config="true" signature="setup()[pri:0, instance:TestCases.LoginTest@280d9edc]" started-at="2025-11-01T13:07:24 IST" name="setup" finished-at="2025-11-01T13:07:34 IST" duration-ms="10121" status="PASS">
          <reporter-output>
          </reporter-output>
        </test-method> <!-- setup -->
        <test-method signature="testLoginWithInvalidUsername()[pri:2, instance:TestCases.LoginTest@280d9edc]" started-at="2025-11-01T13:07:34 IST" name="testLoginWithInvalidUsername" description="Verify login with invalid username" finished-at="2025-11-01T13:07:35 IST" duration-ms="849" status="PASS">
          <reporter-output>
          </reporter-output>
        </test-method> <!-- testLoginWithInvalidUsername -->
        <test-method is-config="true" signature="teardown()[pri:0, instance:TestCases.LoginTest@280d9edc]" started-at="2025-11-01T13:07:35 IST" name="teardown" finished-at="2025-11-01T13:07:35 IST" duration-ms="162" status="PASS">
          <reporter-output>
          </reporter-output>
        </test-method> <!-- teardown -->
        <test-method is-config="true" signature="captureScreenshotOnFailure(org.testng.ITestResult)[pri:0, instance:TestCases.LoginTest@280d9edc]" started-at="2025-11-01T13:07:35 IST" name="captureScreenshotOnFailure" finished-at="2025-11-01T13:07:35 IST" duration-ms="2" status="PASS">
          <params>
            <param index="0">
              <value>
                <![CDATA[[TestResult name=testLoginWithInvalidUsername status=SUCCESS method=LoginTest.testLoginWithInvalidUsername()[pri:2, instance:TestCases.LoginTest@280d9edc] output={null}]]]>
              </value>
            </param>
          </params>
          <reporter-output>
          </reporter-output>
        </test-method> <!-- captureScreenshotOnFailure -->
        <test-method is-config="true" signature="setup()[pri:0, instance:TestCases.LoginTest@280d9edc]" started-at="2025-11-01T13:07:35 IST" name="setup" finished-at="2025-11-01T13:07:40 IST" duration-ms="5035" status="PASS">
          <reporter-output>
          </reporter-output>
        </test-method> <!-- setup -->
        <test-method signature="testLoginWithInvalidPassword()[pri:3, instance:TestCases.LoginTest@280d9edc]" started-at="2025-11-01T13:07:40 IST" name="testLoginWithInvalidPassword" description="Verify login with invalid password" finished-at="2025-11-01T13:07:41 IST" duration-ms="849" status="PASS">
          <reporter-output>
          </reporter-output>
        </test-method> <!-- testLoginWithInvalidPassword -->
        <test-method is-config="true" signature="teardown()[pri:0, instance:TestCases.LoginTest@280d9edc]" started-at="2025-11-01T13:07:41 IST" name="teardown" finished-at="2025-11-01T13:07:41 IST" duration-ms="173" status="PASS">
          <reporter-output>
          </reporter-output>
        </test-method> <!-- teardown -->
        <test-method is-config="true" signature="captureScreenshotOnFailure(org.testng.ITestResult)[pri:0, instance:TestCases.LoginTest@280d9edc]" started-at="2025-11-01T13:07:41 IST" name="captureScreenshotOnFailure" finished-at="2025-11-01T13:07:41 IST" duration-ms="0" status="PASS">
          <params>
            <param index="0">
              <value>
                <![CDATA[[TestResult name=testLoginWithInvalidPassword status=SUCCESS method=LoginTest.testLoginWithInvalidPassword()[pri:3, instance:TestCases.LoginTest@280d9edc] output={null}]]]>
              </value>
            </param>
          </params>
          <reporter-output>
          </reporter-output>
        </test-method> <!-- captureScreenshotOnFailure -->
        <test-method is-config="true" signature="setup()[pri:0, instance:TestCases.LoginTest@280d9edc]" started-at="2025-11-01T13:07:41 IST" name="setup" finished-at="2025-11-01T13:07:46 IST" duration-ms="4534" status="PASS">
          <reporter-output>
          </reporter-output>
        </test-method> <!-- setup -->
        <test-method signature="testLoginWithBlankFields()[pri:4, instance:TestCases.LoginTest@280d9edc]" started-at="2025-11-01T13:07:46 IST" name="testLoginWithBlankFields" description="Verify login with blank fields" finished-at="2025-11-01T13:07:46 IST" duration-ms="135" status="PASS">
          <reporter-output>
          </reporter-output>
        </test-method> <!-- testLoginWithBlankFields -->
        <test-method is-config="true" signature="teardown()[pri:0, instance:TestCases.LoginTest@280d9edc]" started-at="2025-11-01T13:07:46 IST" name="teardown" finished-at="2025-11-01T13:07:46 IST" duration-ms="153" status="PASS">
          <reporter-output>
          </reporter-output>
        </test-method> <!-- teardown -->
        <test-method is-config="true" signature="captureScreenshotOnFailure(org.testng.ITestResult)[pri:0, instance:TestCases.LoginTest@280d9edc]" started-at="2025-11-01T13:07:46 IST" name="captureScreenshotOnFailure" finished-at="2025-11-01T13:07:46 IST" duration-ms="1" status="PASS">
          <params>
            <param index="0">
              <value>
                <![CDATA[[TestResult name=testLoginWithBlankFields status=SUCCESS method=LoginTest.testLoginWithBlankFields()[pri:4, instance:TestCases.LoginTest@280d9edc] output={null}]]]>
              </value>
            </param>
          </params>
          <reporter-output>
          </reporter-output>
        </test-method> <!-- captureScreenshotOnFailure -->
        <test-method is-config="true" signature="setup()[pri:0, instance:TestCases.LoginTest@280d9edc]" started-at="2025-11-01T13:07:46 IST" name="setup" finished-at="2025-11-01T13:07:52 IST" duration-ms="6043" status="PASS">
          <reporter-output>
          </reporter-output>
        </test-method> <!-- setup -->
        <test-method signature="testLogoutFunctionality()[pri:5, instance:TestCases.LoginTest@280d9edc]" started-at="2025-11-01T13:07:52 IST" name="testLogoutFunctionality" description="Verify logout functionality" finished-at="2025-11-01T13:07:54 IST" duration-ms="2073" status="PASS">
          <reporter-output>
          </reporter-output>
        </test-method> <!-- testLogoutFunctionality -->
        <test-method is-config="true" signature="teardown()[pri:0, instance:TestCases.LoginTest@280d9edc]" started-at="2025-11-01T13:07:54 IST" name="teardown" finished-at="2025-11-01T13:07:54 IST" duration-ms="149" status="PASS">
          <reporter-output>
          </reporter-output>
        </test-method> <!-- teardown -->
        <test-method is-config="true" signature="captureScreenshotOnFailure(org.testng.ITestResult)[pri:0, instance:TestCases.LoginTest@280d9edc]" started-at="2025-11-01T13:07:54 IST" name="captureScreenshotOnFailure" finished-at="2025-11-01T13:07:54 IST" duration-ms="1" status="PASS">
          <params>
            <param index="0">
              <value>
                <![CDATA[[TestResult name=testLogoutFunctionality status=SUCCESS method=LoginTest.testLogoutFunctionality()[pri:5, instance:TestCases.LoginTest@280d9edc] output={null}]]]>
              </value>
            </param>
          </params>
          <reporter-output>
          </reporter-output>
        </test-method> <!-- captureScreenshotOnFailure -->
        <test-method is-config="true" signature="cleanupSuite()[pri:0, instance:TestCases.LoginTest@280d9edc]" started-at="2025-11-01T13:07:54 IST" name="cleanupSuite" finished-at="2025-11-01T13:07:54 IST" duration-ms="1" status="PASS">
          <reporter-output>
          </reporter-output>
        </test-method> <!-- cleanupSuite -->
      </class> <!-- TestCases.LoginTest -->
    </test> <!-- Default test -->
  </suite> <!-- Default suite -->
</testng-results>
