<?xml version="1.0" encoding="UTF-8"?>
<!-- Generated by org.testng.reporters.JUnitReportReporter -->
<testsuite hostname="Aaradhya" failures="0" tests="5" name="TestCases.LoginTest" time="41.127" errors="0" timestamp="2025-11-01T13:07:54 IST" skipped="0">
  <testcase classname="TestCases.LoginTest" name="testLoginWithValidCredentials" time="10.816"/>
  <testcase classname="TestCases.LoginTest" name="testLoginWithInvalidUsername" time="7.047"/>
  <testcase classname="TestCases.LoginTest" name="testLoginWithInvalidPassword" time="6.037"/>
  <testcase classname="TestCases.LoginTest" name="testLoginWithBlankFields" time="10.419"/>
  <testcase classname="TestCases.LoginTest" name="testLogoutFunctionality" time="6.808"/>
</testsuite> <!-- TestCases.LoginTest -->
